<?xml version="1.0" encoding="UTF-8"?>
<!-- Generated by org.testng.reporters.JUnitReportReporter -->
<testsuite skipped="0" hostname="DESKTOP-LRH6MPE" name="abc.Demo2" tests="1" failures="0" timestamp="13 May 2021 02:49:15 GMT" time="13.513" errors="0">
  <testcase name="testA" time="13.513" classname="abc.Demo2"/>
</testsuite> <!-- abc.Demo2 -->
