<?xml version="1.0" encoding="UTF-8"?>
<!-- Generated by org.testng.reporters.JUnitReportReporter -->
<testsuite skipped="0" hostname="DESKTOP-LRH6MPE" name="abc.Demo1" tests="1" failures="0" timestamp="12 May 2021 15:28:02 GMT" time="10.748" errors="0">
  <testcase name="testA" time="10.748" classname="abc.Demo1"/>
</testsuite> <!-- abc.Demo1 -->
